2021-03-16T22:09:48+00:00 CRITICAL Uncaught TypeError: abs(): Argument #1 ($num) must be of type int|float, string given in C:\xampp\htdocs\woman-empowerment\wp-content\plugins\dt-the7-core\mods\albums\public\shortcodes\photos-carousel\photos-carousel.php:531
Stack trace:
#0 C:\xampp\htdocs\woman-empowerment\wp-content\plugins\dt-the7-core\mods\albums\public\shortcodes\photos-carousel\photos-carousel.php(531): abs('4px')
#1 C:\xampp\htdocs\woman-empowerment\wp-content\themes\dt-the7\inc\shortcodes\includes\abstract-dt-shortcode-with-inline-css.php(124): DT_Shortcode_Photos_Carousel->get_less_vars()
#2 C:\xampp\htdocs\woman-empowerment\wp-content\themes\dt-the7\inc\shortcodes\includes\abstract-dt-shortcode-with-inline-css.php(292): DT_Shortcode_With_Inline_Css->generate_inline_css(Array, Array)
#3 C:\xampp\htdocs\woman-empowerment\wp-content\themes\dt-the7\inc\shortcodes\includes\abstract-dt-shortcode-with-inline-css.php(96): DT_Shortcode_With_Inline_Css->print_inline_css()
#4 C:\xampp\htdocs\woman-empowerment\wp-includes\shortcodes.php(343): DT_Shortcode_With_Inline_Css->shortcode(Array, '', 'dt_photos_carou...')
#5 [internal function]: do_shortcode_tag(Array)
#6 C:\xampp\htdocs\woman-empowerment\wp-includes\shortcodes.php(218): preg_replace_callback('/\\[(\\[?)(dt_pho...', 'do_shortcode_ta...', '[dt_photos_caro...')
#7 C:\xampp\htdocs\woman-empowerment\wp-content\plugins\js_composer\include\helpers\helpers.php(240): do_shortcode('[dt_photos_caro...')
#8 C:\xampp\htdocs\woman-empowerment\wp-content\plugins\js_composer\include\templates\shortcodes\vc_column_inner.php(51): wpb_js_remove_wpautop('[dt_photos_caro...')
#9 C:\xampp\htdocs\woman-empowerment\wp-content\plugins\js_composer\include\classes\shortcodes\core\class-wpbakeryshortcode.php(271): require('C:\\xampp\\htdocs...')
#10 C:\xampp\htdocs\woman-empowerment\wp-content\plugins\js_composer\include\classes\shortcodes\core\class-wpbakeryshortcode.php(244): WPBakeryShortCode->loadTemplate(Array, '[dt_photos_caro...')
#11 C:\xampp\htdocs\woman-empowerment\wp-content\plugins\js_composer\include\classes\shortcodes\core\class-wpbakeryshortcode.php(366): WPBakeryShortCode->content(Array, '[dt_photos_caro...')
#12 C:\xampp\htdocs\woman-empowerment\wp-content\plugins\js_composer\include\helpers\helpers.php(1317): WPBakeryShortCode->output(Array, '[dt_photos_caro...')
#13 C:\xampp\htdocs\woman-empowerment\wp-includes\shortcodes.php(343): vc_do_shortcode(Array, '[dt_photos_caro...', 'vc_column_inner')
#14 [internal function]: do_shortcode_tag(Array)
#15 C:\xampp\htdocs\woman-empowerment\wp-includes\shortcodes.php(218): preg_replace_callback('/\\[(\\[?)(dt_def...', 'do_shortcode_ta...', '[vc_column_inne...')
#16 C:\xampp\htdocs\woman-empowerment\wp-content\plugins\js_composer\include\helpers\helpers.php(240): do_shortcode('[vc_column_inne...')
#17 C:\xampp\htdocs\woman-empowerment\wp-content\plugins\js_composer\include\templates\shortcodes\vc_row_inner.php(81): wpb_js_remove_wpautop('[vc_column_inne...')
#18 C:\xampp\htdocs\woman-empowerment\wp-content\plugins\js_composer\include\classes\shortcodes\core\class-wpbakeryshortcode.php(271): require('C:\\xampp\\htdocs...')
#19 C:\xampp\htdocs\woman-empowerment\wp-content\plugins\js_composer\include\classes\shortcodes\vc-row.php(40): WPBakeryShortCode->loadTemplate(Array, '[vc_column_inne...')
#20 C:\xampp\htdocs\woman-empowerment\wp-content\plugins\js_composer\include\classes\shortcodes\core\class-wpbakeryshortcode.php(366): WPBakeryShortCode_Vc_Row->content(Array, '[vc_column_inne...')
#21 C:\xampp\htdocs\woman-empowerment\wp-content\plugins\js_composer\include\helpers\helpers.php(1317): WPBakeryShortCode->output(Array, '[vc_column_inne...')
#22 C:\xampp\htdocs\woman-empowerment\wp-includes\shortcodes.php(343): vc_do_shortcode(Array, '[vc_column_inne...', 'vc_row_inner')
#23 [internal function]: do_shortcode_tag(Array)
#24 C:\xampp\htdocs\woman-empowerment\wp-includes\shortcodes.php(218): preg_replace_callback('/\\[(\\[?)(dt_blo...', 'do_shortcode_ta...', '[ultimate_headi...')
#25 C:\xampp\htdocs\woman-empowerment\wp-content\plugins\js_composer\include\helpers\helpers.php(240): do_shortcode('[ultimate_headi...')
#26 C:\xampp\htdocs\woman-empowerment\wp-content\plugins\js_composer\include\templates\shortcodes\vc_column.php(94): wpb_js_remove_wpautop('[ultimate_headi...')
#27 C:\xampp\htdocs\woman-empowerment\wp-content\plugins\js_composer\include\classes\shortcodes\core\class-wpbakeryshortcode.php(271): require('C:\\xampp\\htdocs...')
#28 C:\xampp\htdocs\woman-empowerment\wp-content\plugins\js_composer\include\classes\shortcodes\core\class-wpbakeryshortcode.php(244): WPBakeryShortCode->loadTemplate(Array, '[ultimate_headi...')
#29 C:\xampp\htdocs\woman-empowerment\wp-content\plugins\js_composer\include\classes\shortcodes\core\class-wpbakeryshortcode.php(366): WPBakeryShortCode->content(Array, '[ultimate_headi...')
#30 C:\xampp\htdocs\woman-empowerment\wp-content\plugins\js_composer\include\helpers\helpers.php(1317): WPBakeryShortCode->output('', '[ultimate_headi...')
#31 C:\xampp\htdocs\woman-empowerment\wp-includes\shortcodes.php(343): vc_do_shortcode('', '[ultimate_headi...', 'vc_column')
#32 [internal function]: do_shortcode_tag(Array)
#33 C:\xampp\htdocs\woman-empowerment\wp-includes\shortcodes.php(218): preg_replace_callback('/\\[(\\[?)(dt_blo...', 'do_shortcode_ta...', '[vc_column][ult...')
#34 C:\xampp\htdocs\woman-empowerment\wp-content\plugins\js_composer\include\helpers\helpers.php(240): do_shortcode('[vc_column][ult...')
#35 C:\xampp\htdocs\woman-empowerment\wp-content\plugins\js_composer\include\templates\shortcodes\vc_row.php(156): wpb_js_remove_wpautop('[vc_column][ult...')
#36 C:\xampp\htdocs\woman-empowerment\wp-content\themes\dt-the7\inc\shortcodes\vc_templates\vc_row.php(21): include('C:\\xampp\\htdocs...')
#37 C:\xampp\htdocs\woman-empowerment\wp-content\plugins\js_composer\include\classes\shortcodes\core\class-wpbakeryshortcode.php(271): require('C:\\xampp\\htdocs...')
#38 C:\xampp\htdocs\woman-empowerment\wp-content\plugins\js_composer\include\classes\shortcodes\vc-row.php(40): WPBakeryShortCode->loadTemplate(Array, '[vc_column][ult...')
#39 C:\xampp\htdocs\woman-empowerment\wp-content\plugins\js_composer\include\classes\shortcodes\core\class-wpbakeryshortcode.php(366): WPBakeryShortCode_Vc_Row->content(Array, '[vc_column][ult...')
#40 C:\xampp\htdocs\woman-empowerment\wp-content\plugins\js_composer\include\helpers\helpers.php(1317): WPBakeryShortCode->output(Array, '[vc_column][ult...')
#41 C:\xampp\htdocs\woman-empowerment\wp-includes\shortcodes.php(343): vc_do_shortcode(Array, '[vc_column][ult...', 'vc_row')
#42 [internal function]: do_shortcode_tag(Array)
#43 C:\xampp\htdocs\woman-empowerment\wp-includes\shortcodes.php(218): preg_replace_callback('/\\[(\\[?)(dt_blo...', 'do_shortcode_ta...', '<p>[vc_row equa...')
#44 C:\xampp\htdocs\woman-empowerment\wp-includes\class-wp-hook.php(292): do_shortcode('<p>[vc_row equa...')
#45 C:\xampp\htdocs\woman-empowerment\wp-includes\plugin.php(212): WP_Hook->apply_filters('<p>[vc_row equa...', Array)
#46 C:\xampp\htdocs\woman-empowerment\wp-includes\post-template.php(253): apply_filters('the_content', '<p>[vc_row equa...')
#47 C:\xampp\htdocs\woman-empowerment\wp-content\themes\dt-the7\page.php(31): the_content()
#48 C:\xampp\htdocs\woman-empowerment\wp-includes\template-loader.php(106): include('C:\\xampp\\htdocs...')
#49 C:\xampp\htdocs\woman-empowerment\wp-blog-header.php(19): require_once('C:\\xampp\\htdocs...')
#50 C:\xampp\htdocs\woman-empowerment\index.php(17): require('C:\\xampp\\htdocs...')
#51 {main}
  thrown in C:\xampp\htdocs\woman-empowerment\wp-content\plugins\dt-the7-core\mods\albums\public\shortcodes\photos-carousel\photos-carousel.php on line 531

2021-03-16T22:11:04+00:00 CRITICAL Uncaught TypeError: abs(): Argument #1 ($num) must be of type int|float, string given in C:\xampp\htdocs\woman-empowerment\wp-content\plugins\dt-the7-core\mods\albums\public\shortcodes\photos-carousel\photos-carousel.php:531
Stack trace:
#0 C:\xampp\htdocs\woman-empowerment\wp-content\plugins\dt-the7-core\mods\albums\public\shortcodes\photos-carousel\photos-carousel.php(531): abs('4px')
#1 C:\xampp\htdocs\woman-empowerment\wp-content\themes\dt-the7\inc\shortcodes\includes\abstract-dt-shortcode-with-inline-css.php(124): DT_Shortcode_Photos_Carousel->get_less_vars()
#2 C:\xampp\htdocs\woman-empowerment\wp-content\themes\dt-the7\inc\shortcodes\includes\abstract-dt-shortcode-with-inline-css.php(292): DT_Shortcode_With_Inline_Css->generate_inline_css(Array, Array)
#3 C:\xampp\htdocs\woman-empowerment\wp-content\themes\dt-the7\inc\shortcodes\includes\abstract-dt-shortcode-with-inline-css.php(96): DT_Shortcode_With_Inline_Css->print_inline_css()
#4 C:\xampp\htdocs\woman-empowerment\wp-includes\shortcodes.php(343): DT_Shortcode_With_Inline_Css->shortcode(Array, '', 'dt_photos_carou...')
#5 [internal function]: do_shortcode_tag(Array)
#6 C:\xampp\htdocs\woman-empowerment\wp-includes\shortcodes.php(218): preg_replace_callback('/\\[(\\[?)(dt_pho...', 'do_shortcode_ta...', '[dt_photos_caro...')
#7 C:\xampp\htdocs\woman-empowerment\wp-content\plugins\js_composer\include\helpers\helpers.php(240): do_shortcode('[dt_photos_caro...')
#8 C:\xampp\htdocs\woman-empowerment\wp-content\plugins\js_composer\include\templates\shortcodes\vc_column_inner.php(51): wpb_js_remove_wpautop('[dt_photos_caro...')
#9 C:\xampp\htdocs\woman-empowerment\wp-content\plugins\js_composer\include\classes\shortcodes\core\class-wpbakeryshortcode.php(271): require('C:\\xampp\\htdocs...')
#10 C:\xampp\htdocs\woman-empowerment\wp-content\plugins\js_composer\include\classes\shortcodes\core\class-wpbakeryshortcode.php(244): WPBakeryShortCode->loadTemplate(Array, '[dt_photos_caro...')
#11 C:\xampp\htdocs\woman-empowerment\wp-content\plugins\js_composer\include\classes\shortcodes\core\class-wpbakeryshortcode.php(366): WPBakeryShortCode->content(Array, '[dt_photos_caro...')
#12 C:\xampp\htdocs\woman-empowerment\wp-content\plugins\js_composer\include\helpers\helpers.php(1317): WPBakeryShortCode->output(Array, '[dt_photos_caro...')
#13 C:\xampp\htdocs\woman-empowerment\wp-includes\shortcodes.php(343): vc_do_shortcode(Array, '[dt_photos_caro...', 'vc_column_inner')
#14 [internal function]: do_shortcode_tag(Array)
#15 C:\xampp\htdocs\woman-empowerment\wp-includes\shortcodes.php(218): preg_replace_callback('/\\[(\\[?)(dt_def...', 'do_shortcode_ta...', '[vc_column_inne...')
#16 C:\xampp\htdocs\woman-empowerment\wp-content\plugins\js_composer\include\helpers\helpers.php(240): do_shortcode('[vc_column_inne...')
#17 C:\xampp\htdocs\woman-empowerment\wp-content\plugins\js_composer\include\templates\shortcodes\vc_row_inner.php(81): wpb_js_remove_wpautop('[vc_column_inne...')
#18 C:\xampp\htdocs\woman-empowerment\wp-content\plugins\js_composer\include\classes\shortcodes\core\class-wpbakeryshortcode.php(271): require('C:\\xampp\\htdocs...')
#19 C:\xampp\htdocs\woman-empowerment\wp-content\plugins\js_composer\include\classes\shortcodes\vc-row.php(40): WPBakeryShortCode->loadTemplate(Array, '[vc_column_inne...')
#20 C:\xampp\htdocs\woman-empowerment\wp-content\plugins\js_composer\include\classes\shortcodes\core\class-wpbakeryshortcode.php(366): WPBakeryShortCode_Vc_Row->content(Array, '[vc_column_inne...')
#21 C:\xampp\htdocs\woman-empowerment\wp-content\plugins\js_composer\include\helpers\helpers.php(1317): WPBakeryShortCode->output(Array, '[vc_column_inne...')
#22 C:\xampp\htdocs\woman-empowerment\wp-includes\shortcodes.php(343): vc_do_shortcode(Array, '[vc_column_inne...', 'vc_row_inner')
#23 [internal function]: do_shortcode_tag(Array)
#24 C:\xampp\htdocs\woman-empowerment\wp-includes\shortcodes.php(218): preg_replace_callback('/\\[(\\[?)(dt_blo...', 'do_shortcode_ta...', '[ultimate_headi...')
#25 C:\xampp\htdocs\woman-empowerment\wp-content\plugins\js_composer\include\helpers\helpers.php(240): do_shortcode('[ultimate_headi...')
#26 C:\xampp\htdocs\woman-empowerment\wp-content\plugins\js_composer\include\templates\shortcodes\vc_column.php(94): wpb_js_remove_wpautop('[ultimate_headi...')
#27 C:\xampp\htdocs\woman-empowerment\wp-content\plugins\js_composer\include\classes\shortcodes\core\class-wpbakeryshortcode.php(271): require('C:\\xampp\\htdocs...')
#28 C:\xampp\htdocs\woman-empowerment\wp-content\plugins\js_composer\include\classes\shortcodes\core\class-wpbakeryshortcode.php(244): WPBakeryShortCode->loadTemplate(Array, '[ultimate_headi...')
#29 C:\xampp\htdocs\woman-empowerment\wp-content\plugins\js_composer\include\classes\shortcodes\core\class-wpbakeryshortcode.php(366): WPBakeryShortCode->content(Array, '[ultimate_headi...')
#30 C:\xampp\htdocs\woman-empowerment\wp-content\plugins\js_composer\include\helpers\helpers.php(1317): WPBakeryShortCode->output('', '[ultimate_headi...')
#31 C:\xampp\htdocs\woman-empowerment\wp-includes\shortcodes.php(343): vc_do_shortcode('', '[ultimate_headi...', 'vc_column')
#32 [internal function]: do_shortcode_tag(Array)
#33 C:\xampp\htdocs\woman-empowerment\wp-includes\shortcodes.php(218): preg_replace_callback('/\\[(\\[?)(dt_blo...', 'do_shortcode_ta...', '[vc_column][ult...')
#34 C:\xampp\htdocs\woman-empowerment\wp-content\plugins\js_composer\include\helpers\helpers.php(240): do_shortcode('[vc_column][ult...')
#35 C:\xampp\htdocs\woman-empowerment\wp-content\plugins\js_composer\include\templates\shortcodes\vc_row.php(156): wpb_js_remove_wpautop('[vc_column][ult...')
#36 C:\xampp\htdocs\woman-empowerment\wp-content\themes\dt-the7\inc\shortcodes\vc_templates\vc_row.php(21): include('C:\\xampp\\htdocs...')
#37 C:\xampp\htdocs\woman-empowerment\wp-content\plugins\js_composer\include\classes\shortcodes\core\class-wpbakeryshortcode.php(271): require('C:\\xampp\\htdocs...')
#38 C:\xampp\htdocs\woman-empowerment\wp-content\plugins\js_composer\include\classes\shortcodes\vc-row.php(40): WPBakeryShortCode->loadTemplate(Array, '[vc_column][ult...')
#39 C:\xampp\htdocs\woman-empowerment\wp-content\plugins\js_composer\include\classes\shortcodes\core\class-wpbakeryshortcode.php(366): WPBakeryShortCode_Vc_Row->content(Array, '[vc_column][ult...')
#40 C:\xampp\htdocs\woman-empowerment\wp-content\plugins\js_composer\include\helpers\helpers.php(1317): WPBakeryShortCode->output(Array, '[vc_column][ult...')
#41 C:\xampp\htdocs\woman-empowerment\wp-includes\shortcodes.php(343): vc_do_shortcode(Array, '[vc_column][ult...', 'vc_row')
#42 [internal function]: do_shortcode_tag(Array)
#43 C:\xampp\htdocs\woman-empowerment\wp-includes\shortcodes.php(218): preg_replace_callback('/\\[(\\[?)(dt_blo...', 'do_shortcode_ta...', '<p>[vc_row equa...')
#44 C:\xampp\htdocs\woman-empowerment\wp-includes\class-wp-hook.php(292): do_shortcode('<p>[vc_row equa...')
#45 C:\xampp\htdocs\woman-empowerment\wp-includes\plugin.php(212): WP_Hook->apply_filters('<p>[vc_row equa...', Array)
#46 C:\xampp\htdocs\woman-empowerment\wp-includes\post-template.php(253): apply_filters('the_content', '<p>[vc_row equa...')
#47 C:\xampp\htdocs\woman-empowerment\wp-content\themes\dt-the7\page.php(31): the_content()
#48 C:\xampp\htdocs\woman-empowerment\wp-includes\template-loader.php(106): include('C:\\xampp\\htdocs...')
#49 C:\xampp\htdocs\woman-empowerment\wp-blog-header.php(19): require_once('C:\\xampp\\htdocs...')
#50 C:\xampp\htdocs\woman-empowerment\index.php(17): require('C:\\xampp\\htdocs...')
#51 {main}
  thrown in C:\xampp\htdocs\woman-empowerment\wp-content\plugins\dt-the7-core\mods\albums\public\shortcodes\photos-carousel\photos-carousel.php on line 531

2021-03-16T22:12:31+00:00 CRITICAL Uncaught TypeError: abs(): Argument #1 ($num) must be of type int|float, string given in C:\xampp\htdocs\woman-empowerment\wp-content\plugins\dt-the7-core\mods\albums\public\shortcodes\photos-carousel\photos-carousel.php:531
Stack trace:
#0 C:\xampp\htdocs\woman-empowerment\wp-content\plugins\dt-the7-core\mods\albums\public\shortcodes\photos-carousel\photos-carousel.php(531): abs('4px')
#1 C:\xampp\htdocs\woman-empowerment\wp-content\themes\dt-the7\inc\shortcodes\includes\abstract-dt-shortcode-with-inline-css.php(124): DT_Shortcode_Photos_Carousel->get_less_vars()
#2 C:\xampp\htdocs\woman-empowerment\wp-includes\class-wp-hook.php(292): DT_Shortcode_With_Inline_Css->generate_inline_css(Array, Array)
#3 C:\xampp\htdocs\woman-empowerment\wp-includes\plugin.php(212): WP_Hook->apply_filters(Array, Array)
#4 C:\xampp\htdocs\woman-empowerment\wp-content\themes\dt-the7\inc\shortcodes\includes\shortcodes-hooks.php(57): apply_filters('the7_generate_s...', Array, Array)
#5 C:\xampp\htdocs\woman-empowerment\wp-content\themes\dt-the7\inc\shortcodes\includes\shortcodes-hooks.php(29): the7_generate_shortcode_css('<p>[vc_row equa...')
#6 C:\xampp\htdocs\woman-empowerment\wp-includes\class-wp-hook.php(294): the7_save_shortcode_inline_css(5, Object(WP_Post))
#7 C:\xampp\htdocs\woman-empowerment\wp-includes\class-wp-hook.php(316): WP_Hook->apply_filters(false, Array)
#8 C:\xampp\htdocs\woman-empowerment\wp-includes\plugin.php(484): WP_Hook->do_action(Array)
#9 C:\xampp\htdocs\woman-empowerment\wp-includes\post.php(4384): do_action('save_post', 5, Object(WP_Post), true)
#10 C:\xampp\htdocs\woman-empowerment\wp-includes\post.php(4486): wp_insert_post(Array, false, true)
#11 C:\xampp\htdocs\woman-empowerment\wp-content\plugins\js_composer\include\classes\core\class-vc-post-admin.php(69): wp_update_post(Array)
#12 C:\xampp\htdocs\woman-empowerment\wp-includes\class-wp-hook.php(292): Vc_Post_Admin->saveAjaxFe('')
#13 C:\xampp\htdocs\woman-empowerment\wp-includes\class-wp-hook.php(316): WP_Hook->apply_filters('', Array)
#14 C:\xampp\htdocs\woman-empowerment\wp-includes\plugin.php(484): WP_Hook->do_action(Array)
#15 C:\xampp\htdocs\woman-empowerment\wp-admin\admin-ajax.php(187): do_action('wp_ajax_vc_save')
#16 {main}
  thrown in C:\xampp\htdocs\woman-empowerment\wp-content\plugins\dt-the7-core\mods\albums\public\shortcodes\photos-carousel\photos-carousel.php on line 531

2021-03-16T22:12:34+00:00 CRITICAL Uncaught TypeError: abs(): Argument #1 ($num) must be of type int|float, string given in C:\xampp\htdocs\woman-empowerment\wp-content\plugins\dt-the7-core\mods\albums\public\shortcodes\photos-carousel\photos-carousel.php:531
Stack trace:
#0 C:\xampp\htdocs\woman-empowerment\wp-content\plugins\dt-the7-core\mods\albums\public\shortcodes\photos-carousel\photos-carousel.php(531): abs('4px')
#1 C:\xampp\htdocs\woman-empowerment\wp-content\themes\dt-the7\inc\shortcodes\includes\abstract-dt-shortcode-with-inline-css.php(124): DT_Shortcode_Photos_Carousel->get_less_vars()
#2 C:\xampp\htdocs\woman-empowerment\wp-includes\class-wp-hook.php(292): DT_Shortcode_With_Inline_Css->generate_inline_css(Array, Array)
#3 C:\xampp\htdocs\woman-empowerment\wp-includes\plugin.php(212): WP_Hook->apply_filters(Array, Array)
#4 C:\xampp\htdocs\woman-empowerment\wp-content\themes\dt-the7\inc\shortcodes\includes\shortcodes-hooks.php(57): apply_filters('the7_generate_s...', Array, Array)
#5 C:\xampp\htdocs\woman-empowerment\wp-content\themes\dt-the7\inc\shortcodes\includes\shortcodes-hooks.php(29): the7_generate_shortcode_css('<p>[vc_row equa...')
#6 C:\xampp\htdocs\woman-empowerment\wp-includes\class-wp-hook.php(294): the7_save_shortcode_inline_css(5, Object(WP_Post))
#7 C:\xampp\htdocs\woman-empowerment\wp-includes\class-wp-hook.php(316): WP_Hook->apply_filters(false, Array)
#8 C:\xampp\htdocs\woman-empowerment\wp-includes\plugin.php(484): WP_Hook->do_action(Array)
#9 C:\xampp\htdocs\woman-empowerment\wp-includes\post.php(4384): do_action('save_post', 5, Object(WP_Post), true)
#10 C:\xampp\htdocs\woman-empowerment\wp-includes\post.php(4486): wp_insert_post(Array, false, true)
#11 C:\xampp\htdocs\woman-empowerment\wp-content\plugins\js_composer\include\classes\core\class-vc-post-admin.php(69): wp_update_post(Array)
#12 C:\xampp\htdocs\woman-empowerment\wp-includes\class-wp-hook.php(292): Vc_Post_Admin->saveAjaxFe('')
#13 C:\xampp\htdocs\woman-empowerment\wp-includes\class-wp-hook.php(316): WP_Hook->apply_filters('', Array)
#14 C:\xampp\htdocs\woman-empowerment\wp-includes\plugin.php(484): WP_Hook->do_action(Array)
#15 C:\xampp\htdocs\woman-empowerment\wp-admin\admin-ajax.php(187): do_action('wp_ajax_vc_save')
#16 {main}
  thrown in C:\xampp\htdocs\woman-empowerment\wp-content\plugins\dt-the7-core\mods\albums\public\shortcodes\photos-carousel\photos-carousel.php on line 531

2021-03-16T22:12:35+00:00 CRITICAL Uncaught TypeError: abs(): Argument #1 ($num) must be of type int|float, string given in C:\xampp\htdocs\woman-empowerment\wp-content\plugins\dt-the7-core\mods\albums\public\shortcodes\photos-carousel\photos-carousel.php:531
Stack trace:
#0 C:\xampp\htdocs\woman-empowerment\wp-content\plugins\dt-the7-core\mods\albums\public\shortcodes\photos-carousel\photos-carousel.php(531): abs('4px')
#1 C:\xampp\htdocs\woman-empowerment\wp-content\themes\dt-the7\inc\shortcodes\includes\abstract-dt-shortcode-with-inline-css.php(124): DT_Shortcode_Photos_Carousel->get_less_vars()
#2 C:\xampp\htdocs\woman-empowerment\wp-content\themes\dt-the7\inc\shortcodes\includes\abstract-dt-shortcode-with-inline-css.php(292): DT_Shortcode_With_Inline_Css->generate_inline_css(Array, Array)
#3 C:\xampp\htdocs\woman-empowerment\wp-content\themes\dt-the7\inc\shortcodes\includes\abstract-dt-shortcode-with-inline-css.php(96): DT_Shortcode_With_Inline_Css->print_inline_css()
#4 C:\xampp\htdocs\woman-empowerment\wp-includes\shortcodes.php(343): DT_Shortcode_With_Inline_Css->shortcode(Array, '', 'dt_photos_carou...')
#5 [internal function]: do_shortcode_tag(Array)
#6 C:\xampp\htdocs\woman-empowerment\wp-includes\shortcodes.php(218): preg_replace_callback('/\\[(\\[?)(dt_pho...', 'do_shortcode_ta...', '[dt_photos_caro...')
#7 C:\xampp\htdocs\woman-empowerment\wp-content\plugins\js_composer\include\helpers\helpers.php(240): do_shortcode('[dt_photos_caro...')
#8 C:\xampp\htdocs\woman-empowerment\wp-content\plugins\js_composer\include\templates\shortcodes\vc_column_inner.php(51): wpb_js_remove_wpautop('[dt_photos_caro...')
#9 C:\xampp\htdocs\woman-empowerment\wp-content\plugins\js_composer\include\classes\shortcodes\core\class-wpbakeryshortcode.php(271): require('C:\\xampp\\htdocs...')
#10 C:\xampp\htdocs\woman-empowerment\wp-content\plugins\js_composer\include\classes\shortcodes\core\class-wpbakeryshortcode.php(244): WPBakeryShortCode->loadTemplate(Array, '[dt_photos_caro...')
#11 C:\xampp\htdocs\woman-empowerment\wp-content\plugins\js_composer\include\classes\shortcodes\core\class-wpbakeryshortcode.php(366): WPBakeryShortCode->content(Array, '[dt_photos_caro...')
#12 C:\xampp\htdocs\woman-empowerment\wp-content\plugins\js_composer\include\helpers\helpers.php(1317): WPBakeryShortCode->output(Array, '[dt_photos_caro...')
#13 C:\xampp\htdocs\woman-empowerment\wp-includes\shortcodes.php(343): vc_do_shortcode(Array, '[dt_photos_caro...', 'vc_column_inner')
#14 [internal function]: do_shortcode_tag(Array)
#15 C:\xampp\htdocs\woman-empowerment\wp-includes\shortcodes.php(218): preg_replace_callback('/\\[(\\[?)(dt_def...', 'do_shortcode_ta...', '[vc_column_inne...')
#16 C:\xampp\htdocs\woman-empowerment\wp-content\plugins\js_composer\include\helpers\helpers.php(240): do_shortcode('[vc_column_inne...')
#17 C:\xampp\htdocs\woman-empowerment\wp-content\plugins\js_composer\include\templates\shortcodes\vc_row_inner.php(81): wpb_js_remove_wpautop('[vc_column_inne...')
#18 C:\xampp\htdocs\woman-empowerment\wp-content\plugins\js_composer\include\classes\shortcodes\core\class-wpbakeryshortcode.php(271): require('C:\\xampp\\htdocs...')
#19 C:\xampp\htdocs\woman-empowerment\wp-content\plugins\js_composer\include\classes\shortcodes\vc-row.php(40): WPBakeryShortCode->loadTemplate(Array, '[vc_column_inne...')
#20 C:\xampp\htdocs\woman-empowerment\wp-content\plugins\js_composer\include\classes\shortcodes\core\class-wpbakeryshortcode.php(366): WPBakeryShortCode_Vc_Row->content(Array, '[vc_column_inne...')
#21 C:\xampp\htdocs\woman-empowerment\wp-content\plugins\js_composer\include\helpers\helpers.php(1317): WPBakeryShortCode->output(Array, '[vc_column_inne...')
#22 C:\xampp\htdocs\woman-empowerment\wp-includes\shortcodes.php(343): vc_do_shortcode(Array, '[vc_column_inne...', 'vc_row_inner')
#23 [internal function]: do_shortcode_tag(Array)
#24 C:\xampp\htdocs\woman-empowerment\wp-includes\shortcodes.php(218): preg_replace_callback('/\\[(\\[?)(dt_blo...', 'do_shortcode_ta...', '[ultimate_headi...')
#25 C:\xampp\htdocs\woman-empowerment\wp-content\plugins\js_composer\include\helpers\helpers.php(240): do_shortcode('[ultimate_headi...')
#26 C:\xampp\htdocs\woman-empowerment\wp-content\plugins\js_composer\include\templates\shortcodes\vc_column.php(94): wpb_js_remove_wpautop('[ultimate_headi...')
#27 C:\xampp\htdocs\woman-empowerment\wp-content\plugins\js_composer\include\classes\shortcodes\core\class-wpbakeryshortcode.php(271): require('C:\\xampp\\htdocs...')
#28 C:\xampp\htdocs\woman-empowerment\wp-content\plugins\js_composer\include\classes\shortcodes\core\class-wpbakeryshortcode.php(244): WPBakeryShortCode->loadTemplate(Array, '[ultimate_headi...')
#29 C:\xampp\htdocs\woman-empowerment\wp-content\plugins\js_composer\include\classes\shortcodes\core\class-wpbakeryshortcode.php(366): WPBakeryShortCode->content(Array, '[ultimate_headi...')
#30 C:\xampp\htdocs\woman-empowerment\wp-content\plugins\js_composer\include\helpers\helpers.php(1317): WPBakeryShortCode->output('', '[ultimate_headi...')
#31 C:\xampp\htdocs\woman-empowerment\wp-includes\shortcodes.php(343): vc_do_shortcode('', '[ultimate_headi...', 'vc_column')
#32 [internal function]: do_shortcode_tag(Array)
#33 C:\xampp\htdocs\woman-empowerment\wp-includes\shortcodes.php(218): preg_replace_callback('/\\[(\\[?)(dt_blo...', 'do_shortcode_ta...', '[vc_column][ult...')
#34 C:\xampp\htdocs\woman-empowerment\wp-content\plugins\js_composer\include\helpers\helpers.php(240): do_shortcode('[vc_column][ult...')
#35 C:\xampp\htdocs\woman-empowerment\wp-content\plugins\js_composer\include\templates\shortcodes\vc_row.php(156): wpb_js_remove_wpautop('[vc_column][ult...')
#36 C:\xampp\htdocs\woman-empowerment\wp-content\themes\dt-the7\inc\shortcodes\vc_templates\vc_row.php(21): include('C:\\xampp\\htdocs...')
#37 C:\xampp\htdocs\woman-empowerment\wp-content\plugins\js_composer\include\classes\shortcodes\core\class-wpbakeryshortcode.php(271): require('C:\\xampp\\htdocs...')
#38 C:\xampp\htdocs\woman-empowerment\wp-content\plugins\js_composer\include\classes\shortcodes\vc-row.php(40): WPBakeryShortCode->loadTemplate(Array, '[vc_column][ult...')
#39 C:\xampp\htdocs\woman-empowerment\wp-content\plugins\js_composer\include\classes\shortcodes\core\class-wpbakeryshortcode.php(366): WPBakeryShortCode_Vc_Row->content(Array, '[vc_column][ult...')
#40 C:\xampp\htdocs\woman-empowerment\wp-content\plugins\js_composer\include\helpers\helpers.php(1317): WPBakeryShortCode->output(Array, '[vc_column][ult...')
#41 C:\xampp\htdocs\woman-empowerment\wp-includes\shortcodes.php(343): vc_do_shortcode(Array, '[vc_column][ult...', 'vc_row')
#42 [internal function]: do_shortcode_tag(Array)
#43 C:\xampp\htdocs\woman-empowerment\wp-includes\shortcodes.php(218): preg_replace_callback('/\\[(\\[?)(dt_blo...', 'do_shortcode_ta...', '<p>[vc_row equa...')
#44 C:\xampp\htdocs\woman-empowerment\wp-includes\class-wp-hook.php(292): do_shortcode('<p>[vc_row equa...')
#45 C:\xampp\htdocs\woman-empowerment\wp-includes\plugin.php(212): WP_Hook->apply_filters('<p>[vc_row equa...', Array)
#46 C:\xampp\htdocs\woman-empowerment\wp-includes\post-template.php(253): apply_filters('the_content', '<p>[vc_row equa...')
#47 C:\xampp\htdocs\woman-empowerment\wp-content\themes\dt-the7\page.php(31): the_content()
#48 C:\xampp\htdocs\woman-empowerment\wp-includes\template-loader.php(106): include('C:\\xampp\\htdocs...')
#49 C:\xampp\htdocs\woman-empowerment\wp-blog-header.php(19): require_once('C:\\xampp\\htdocs...')
#50 C:\xampp\htdocs\woman-empowerment\index.php(17): require('C:\\xampp\\htdocs...')
#51 {main}
  thrown in C:\xampp\htdocs\woman-empowerment\wp-content\plugins\dt-the7-core\mods\albums\public\shortcodes\photos-carousel\photos-carousel.php on line 531

